Added Component: Designator=C1(CAP-0603)
Added Component: Designator=C2(CAP-1206)
Added Component: Designator=C3(CAP-1206)
Added Component: Designator=C4(CAP-1206)
Added Component: Designator=C5(CAP-1206)
Added Component: Designator=C6(CAP-0805)
Added Component: Designator=C7(CAP-0603)
Added Component: Designator=C8(CAP-0603)
Added Component: Designator=C9(CAP-0603)
Added Component: Designator=C10(CAP-0603)
Added Component: Designator=C11(cap/330u/16v)
Added Component: Designator=C12(CAP-0805)
Added Component: Designator=C13(CAP-0603)
Added Component: Designator=C14(CAP-0603)
Added Component: Designator=C15(CAP-1206)
Added Component: Designator=C16(CAP-1206)
Added Component: Designator=C17(cap/330u/16v)
Added Component: Designator=C18(CAP-0603)
Added Component: Designator=C19(CAP-0603)
Added Component: Designator=C20(CAP-0603)
Added Component: Designator=C21(CAP-0603)
Added Component: Designator=C22(CAP-0603)
Added Component: Designator=C23(CAP_TANTAL_B)
Added Component: Designator=C24(CAP-0603)
Added Component: Designator=CAN1(MSTBA 2,5)
Added Component: Designator=D1(DIOD/1N4007/SMD)
Added Component: Designator=D2(DIOD/1N4007/SMD)
Added Component: Designator=D3(DIOD/1N4007/SMD)
Added Component: Designator=D4(TVS-5V-SMD)
Added Component: Designator=ESP1(ESP8266)
Added Component: Designator=IC1(SOP-8)
Added Component: Designator=IC2(LQFP48-7x7-0.50)
Added Component: Designator=IC3(LQFP48-7x7-0.50)
Added Component: Designator=IC4(SOP8_HIT)
Added Component: Designator=IC5(SOP-8)
Added Component: Designator=IC6(SOIC-8PIN-280MIL)
Added Component: Designator=L1(LED/0805)
Added Component: Designator=L2(LED/0805)
Added Component: Designator=L3(inductor-9*12)
Added Component: Designator=M1(AO3401A)
Added Component: Designator=POWER1(CONECTOR/FONIX/2PIN)
Added Component: Designator=POWER2(CONECTOR/XH/4PIN)
Added Component: Designator=POWER3(CONECTOR/XH/4PIN)
Added Component: Designator=PROG1(XH3)
Added Component: Designator=R1(RES/1206)
Added Component: Designator=R2(RES/0603)
Added Component: Designator=R3(RES/0603)
Added Component: Designator=R4(RES/0805)
Added Component: Designator=R5(RES/0805)
Added Component: Designator=R6(RES/0805)
Added Component: Designator=R7(RES/0603)
Added Component: Designator=R8(RES/0603)
Added Component: Designator=R9(RES/0603)
Added Component: Designator=R10(RES/0603)
Added Component: Designator=R11(RES/0603)
Added Component: Designator=R12(RES/0603)
Added Component: Designator=R13(RES/0603)
Added Component: Designator=R14(RES/0603)
Added Component: Designator=R15(RES/0603)
Added Component: Designator=R16(RES/0603)
Added Component: Designator=R17(RES/0603)
Added Component: Designator=R18(RES/0603)
Added Component: Designator=R19(RES/0603)
Added Component: Designator=R20(RES/0603)
Added Component: Designator=R21(RES/0603)
Added Component: Designator=R22(RES/1206)
Added Component: Designator=R23(RES/0603)
Added Component: Designator=R24(RES/1206)
Added Component: Designator=R25(RES/1206)
Added Component: Designator=R26(RES/0603)
Added Component: Designator=R27(RES/0603)
Added Component: Designator=R28(RES/0603)
Added Component: Designator=R29(RES/0603)
Added Component: Designator=R30(RES/0603)
Added Component: Designator=R31(RES/0603)
Added Component: Designator=RES(LED/0805)
Added Component: Designator=RG1(AMS1117)
Added Component: Designator=RG2(AMS1117)
Added Component: Designator=RS1(MSTBA 2,5)
Added Component: Designator=RS(LED/0805)
Added Component: Designator=SIM(LED/0805)
Added Component: Designator=SW1(micro_switch_smd)
Added Component: Designator=SW2(micro_switch_smd)
Added Component: Designator=WIFI(LED/0805)
Added Pin To Net: NetName=+3.3_wifi Pin=C3-1
Added Pin To Net: NetName=+3.3_wifi Pin=L1-A
Added Pin To Net: NetName=+3.3_wifi Pin=M1-S
Added Pin To Net: NetName=+3.3_wifi Pin=R27-1
Added Pin To Net: NetName=+3.3_wifi Pin=R28-1
Added Pin To Net: NetName=+3.3_wifi Pin=R30-1
Added Pin To Net: NetName=+3.3_wifi Pin=R31-1
Added Pin To Net: NetName=+3.3_wifi Pin=RG1-2
Added Pin To Net: NetName=+3.3_wifi Pin=RG1-4
Added Net: Name=+3.3_wifi
Added Pin To Net: NetName=+3.3 Pin=C5-1
Added Pin To Net: NetName=+3.3 Pin=C6-2
Added Pin To Net: NetName=+3.3 Pin=C7-2
Added Pin To Net: NetName=+3.3 Pin=C8-2
Added Pin To Net: NetName=+3.3 Pin=C9-2
Added Pin To Net: NetName=+3.3 Pin=C24-1
Added Pin To Net: NetName=+3.3 Pin=IC2-9
Added Pin To Net: NetName=+3.3 Pin=IC2-24
Added Pin To Net: NetName=+3.3 Pin=IC2-36
Added Pin To Net: NetName=+3.3 Pin=IC2-48
Added Pin To Net: NetName=+3.3 Pin=IC6-3
Added Pin To Net: NetName=+3.3 Pin=IC6-7
Added Pin To Net: NetName=+3.3 Pin=IC6-8
Added Pin To Net: NetName=+3.3 Pin=L2-A
Added Pin To Net: NetName=+3.3 Pin=R8-2
Added Pin To Net: NetName=+3.3 Pin=R10-1
Added Pin To Net: NetName=+3.3 Pin=R15-1
Added Pin To Net: NetName=+3.3 Pin=R16-1
Added Pin To Net: NetName=+3.3 Pin=RG2-2
Added Pin To Net: NetName=+3.3 Pin=RG2-4
Added Net: Name=+3.3
Added Pin To Net: NetName=+5 Pin=C1-1
Added Pin To Net: NetName=+5 Pin=C2-1
Added Pin To Net: NetName=+5 Pin=C4-1
Added Pin To Net: NetName=+5 Pin=C15-2
Added Pin To Net: NetName=+5 Pin=C16-2
Added Pin To Net: NetName=+5 Pin=C17-+
Added Pin To Net: NetName=+5 Pin=C18-1
Added Pin To Net: NetName=+5 Pin=C21-1
Added Pin To Net: NetName=+5 Pin=D4-1
Added Pin To Net: NetName=+5 Pin=IC1-3
Added Pin To Net: NetName=+5 Pin=IC5-8
Added Pin To Net: NetName=+5 Pin=L3-2
Added Pin To Net: NetName=+5 Pin=R18-2
Added Pin To Net: NetName=+5 Pin=R26-1
Added Pin To Net: NetName=+5 Pin=RG1-3
Added Pin To Net: NetName=+5 Pin=RG2-3
Added Net: Name=+5
Added Pin To Net: NetName=+24_GSM Pin=D1-K
Added Pin To Net: NetName=+24_GSM Pin=POWER2-3
Added Pin To Net: NetName=+24_GSM Pin=POWER2-4
Added Net: Name=+24_GSM
Added Pin To Net: NetName=+24 Pin=C11-+
Added Pin To Net: NetName=+24 Pin=C12-1
Added Pin To Net: NetName=+24 Pin=C13-1
Added Pin To Net: NetName=+24 Pin=D2-K
Added Pin To Net: NetName=+24 Pin=IC4-7
Added Pin To Net: NetName=+24 Pin=R17-1
Added Net: Name=+24
Added Pin To Net: NetName=CAN1_RX Pin=IC1-4
Added Pin To Net: NetName=CAN1_RX Pin=IC3-45
Added Net: Name=CAN1_RX
Added Pin To Net: NetName=CAN1_TX Pin=IC1-1
Added Pin To Net: NetName=CAN1_TX Pin=IC3-46
Added Net: Name=CAN1_TX
Added Pin To Net: NetName=CAN_1_N Pin=CAN1-1
Added Pin To Net: NetName=CAN_1_N Pin=IC1-6
Added Pin To Net: NetName=CAN_1_N Pin=R1-1
Added Net: Name=CAN_1_N
Added Pin To Net: NetName=CAN_1_P Pin=CAN1-2
Added Pin To Net: NetName=CAN_1_P Pin=IC1-7
Added Pin To Net: NetName=CAN_1_P Pin=R1-2
Added Net: Name=CAN_1_P
Added Pin To Net: NetName=CLK_5 Pin=IC3-15
Added Pin To Net: NetName=CLK_5 Pin=IC6-6
Added Net: Name=CLK_5
Added Pin To Net: NetName=CS_5 Pin=IC3-18
Added Pin To Net: NetName=CS_5 Pin=IC6-1
Added Net: Name=CS_5
Added Pin To Net: NetName=ESP-RX Pin=ESP1-RX
Added Pin To Net: NetName=ESP-RX Pin=IC3-12
Added Net: Name=ESP-RX
Added Pin To Net: NetName=ESP_EN_5 Pin=IC3-11
Added Net: Name=ESP_EN_5
Added Pin To Net: NetName=ESP_ON Pin=R29-2
Added Net: Name=ESP_ON
Added Pin To Net: NetName=ESP_TX Pin=ESP1-TX
Added Pin To Net: NetName=ESP_TX Pin=IC3-13
Added Net: Name=ESP_TX
Added Pin To Net: NetName=GND_D Pin=C1-2
Added Pin To Net: NetName=GND_D Pin=C2-2
Added Pin To Net: NetName=GND_D Pin=C3-2
Added Pin To Net: NetName=GND_D Pin=C4-2
Added Pin To Net: NetName=GND_D Pin=C5-2
Added Pin To Net: NetName=GND_D Pin=C6-1
Added Pin To Net: NetName=GND_D Pin=C7-1
Added Pin To Net: NetName=GND_D Pin=C8-1
Added Pin To Net: NetName=GND_D Pin=C9-1
Added Pin To Net: NetName=GND_D Pin=C10-1
Added Pin To Net: NetName=GND_D Pin=C21-2
Added Pin To Net: NetName=GND_D Pin=C22-1
Added Pin To Net: NetName=GND_D Pin=C23--
Added Pin To Net: NetName=GND_D Pin=C24-2
Added Pin To Net: NetName=GND_D Pin=ESP1-GND
Added Pin To Net: NetName=GND_D Pin=IC1-2
Added Pin To Net: NetName=GND_D Pin=IC2-8
Added Pin To Net: NetName=GND_D Pin=IC2-23
Added Pin To Net: NetName=GND_D Pin=IC2-35
Added Pin To Net: NetName=GND_D Pin=IC2-47
Added Pin To Net: NetName=GND_D Pin=IC5-5
Added Pin To Net: NetName=GND_D Pin=IC6-4
Added Pin To Net: NetName=GND_D Pin=PROG1-1
Added Pin To Net: NetName=GND_D Pin=R2-2
Added Pin To Net: NetName=GND_D Pin=R3-1
Added Pin To Net: NetName=GND_D Pin=R5-2
Added Pin To Net: NetName=GND_D Pin=R7-1
Added Pin To Net: NetName=GND_D Pin=R9-2
Added Pin To Net: NetName=GND_D Pin=R11-2
Added Pin To Net: NetName=GND_D Pin=R12-2
Added Pin To Net: NetName=GND_D Pin=R13-2
Added Pin To Net: NetName=GND_D Pin=R14-2
Added Pin To Net: NetName=GND_D Pin=R23-2
Added Pin To Net: NetName=GND_D Pin=RG1-1
Added Pin To Net: NetName=GND_D Pin=RG2-1
Added Pin To Net: NetName=GND_D Pin=SW1-2
Added Pin To Net: NetName=GND_D Pin=SW1-2
Added Pin To Net: NetName=GND_D Pin=SW2-2
Added Pin To Net: NetName=GND_D Pin=SW2-2
Added Net: Name=GND_D
Added Pin To Net: NetName=GND_GSM Pin=POWER2-1
Added Pin To Net: NetName=GND_GSM Pin=POWER2-2
Added Pin To Net: NetName=GND_GSM Pin=R6-2
Added Net: Name=GND_GSM
Added Pin To Net: NetName=GND_SW Pin=C11--
Added Pin To Net: NetName=GND_SW Pin=C12-2
Added Pin To Net: NetName=GND_SW Pin=C13-2
Added Pin To Net: NetName=GND_SW Pin=C15-1
Added Pin To Net: NetName=GND_SW Pin=C16-1
Added Pin To Net: NetName=GND_SW Pin=C17--
Added Pin To Net: NetName=GND_SW Pin=C20-1
Added Pin To Net: NetName=GND_SW Pin=D3-A
Added Pin To Net: NetName=GND_SW Pin=D4-2
Added Pin To Net: NetName=GND_SW Pin=IC4-5
Added Pin To Net: NetName=GND_SW Pin=IC4-5
Added Pin To Net: NetName=GND_SW Pin=IC4-5
Added Pin To Net: NetName=GND_SW Pin=IC4-5
Added Pin To Net: NetName=GND_SW Pin=IC4-5
Added Pin To Net: NetName=GND_SW Pin=IC4-5
Added Pin To Net: NetName=GND_SW Pin=IC4-5
Added Pin To Net: NetName=GND_SW Pin=IC4-5
Added Pin To Net: NetName=GND_SW Pin=IC4-5
Added Pin To Net: NetName=GND_SW Pin=IC4-5
Added Pin To Net: NetName=GND_SW Pin=IC4-5
Added Pin To Net: NetName=GND_SW Pin=IC4-5
Added Pin To Net: NetName=GND_SW Pin=R4-2
Added Pin To Net: NetName=GND_SW Pin=R19-2
Added Pin To Net: NetName=GND_SW Pin=R20-1
Added Pin To Net: NetName=GND_SW Pin=R21-2
Added Net: Name=GND_SW
Added Pin To Net: NetName=GND Pin=POWER1-1
Added Pin To Net: NetName=GND Pin=R4-1
Added Pin To Net: NetName=GND Pin=R5-1
Added Pin To Net: NetName=GND Pin=R6-1
Added Net: Name=GND
Added Pin To Net: NetName=GPIO0_6 Pin=ESP1-GPIO0
Added Pin To Net: NetName=GPIO0_6 Pin=R27-2
Added Net: Name=GPIO0_6
Added Pin To Net: NetName=GSM_EN_1 Pin=POWER3-3
Added Net: Name=GSM_EN_1
Added Pin To Net: NetName=MISO_5 Pin=IC3-16
Added Pin To Net: NetName=MISO_5 Pin=IC6-2
Added Net: Name=MISO_5
Added Pin To Net: NetName=MOSI_5 Pin=IC3-17
Added Pin To Net: NetName=MOSI_5 Pin=IC6-5
Added Net: Name=MOSI_5
Added Pin To Net: NetName=NetC14_1 Pin=C14-1
Added Pin To Net: NetName=NetC14_1 Pin=IC4-8
Added Net: Name=NetC14_1
Added Pin To Net: NetName=NetC14_2 Pin=C14-2
Added Pin To Net: NetName=NetC14_2 Pin=D3-K
Added Pin To Net: NetName=NetC14_2 Pin=IC4-1
Added Pin To Net: NetName=NetC14_2 Pin=L3-1
Added Net: Name=NetC14_2
Added Pin To Net: NetName=NetC18_2 Pin=C18-2
Added Pin To Net: NetName=NetC18_2 Pin=IC4-4
Added Pin To Net: NetName=NetC18_2 Pin=R18-1
Added Pin To Net: NetName=NetC18_2 Pin=R20-2
Added Net: Name=NetC18_2
Added Pin To Net: NetName=NetC19_1 Pin=C19-1
Added Pin To Net: NetName=NetC19_1 Pin=R21-1
Added Net: Name=NetC19_1
Added Pin To Net: NetName=NetC19_2 Pin=C19-2
Added Pin To Net: NetName=NetC19_2 Pin=C20-2
Added Pin To Net: NetName=NetC19_2 Pin=IC4-3
Added Net: Name=NetC19_2
Added Pin To Net: NetName=NetC22_2 Pin=C22-2
Added Pin To Net: NetName=NetC22_2 Pin=C23-+
Added Pin To Net: NetName=NetC22_2 Pin=ESP1-3.3
Added Pin To Net: NetName=NetC22_2 Pin=M1-D
Added Net: Name=NetC22_2
Added Pin To Net: NetName=NetD1_A Pin=D1-A
Added Pin To Net: NetName=NetD1_A Pin=D2-A
Added Pin To Net: NetName=NetD1_A Pin=POWER1-2
Added Net: Name=NetD1_A
Added Pin To Net: NetName=NetESP1_CH_PD Pin=ESP1-CH_PD
Added Pin To Net: NetName=NetESP1_CH_PD Pin=R30-2
Added Net: Name=NetESP1_CH_PD
Added Pin To Net: NetName=NetESP1_GPIO2 Pin=ESP1-GPIO2
Added Net: Name=NetESP1_GPIO2
Added Pin To Net: NetName=NetIC1_5 Pin=IC1-5
Added Net: Name=NetIC1_5
Added Pin To Net: NetName=NetIC1_8 Pin=IC1-8
Added Pin To Net: NetName=NetIC1_8 Pin=R2-1
Added Net: Name=NetIC1_8
Added Pin To Net: NetName=NetIC2_1 Pin=IC2-1
Added Net: Name=NetIC2_1
Added Pin To Net: NetName=NetIC2_34 Pin=IC2-34
Added Pin To Net: NetName=NetIC2_34 Pin=PROG1-2
Added Net: Name=NetIC2_34
Added Pin To Net: NetName=NetIC2_37 Pin=IC2-37
Added Pin To Net: NetName=NetIC2_37 Pin=PROG1-3
Added Net: Name=NetIC2_37
Added Pin To Net: NetName=NetIC2_44 Pin=IC2-44
Added Pin To Net: NetName=NetIC2_44 Pin=R9-1
Added Net: Name=NetIC2_44
Added Pin To Net: NetName=NetIC3_2 Pin=IC3-2
Added Net: Name=NetIC3_2
Added Pin To Net: NetName=NetIC3_3 Pin=IC3-3
Added Pin To Net: NetName=NetIC3_3 Pin=R16-2
Added Pin To Net: NetName=NetIC3_3 Pin=SW1-1
Added Pin To Net: NetName=NetIC3_3 Pin=SW1-1
Added Net: Name=NetIC3_3
Added Pin To Net: NetName=NetIC3_4 Pin=IC3-4
Added Pin To Net: NetName=NetIC3_4 Pin=R15-2
Added Pin To Net: NetName=NetIC3_4 Pin=SW2-1
Added Pin To Net: NetName=NetIC3_4 Pin=SW2-1
Added Net: Name=NetIC3_4
Added Pin To Net: NetName=NetIC3_5 Pin=IC3-5
Added Net: Name=NetIC3_5
Added Pin To Net: NetName=NetIC3_6 Pin=IC3-6
Added Net: Name=NetIC3_6
Added Pin To Net: NetName=NetIC3_10 Pin=IC3-10
Added Net: Name=NetIC3_10
Added Pin To Net: NetName=NetIC3_14 Pin=IC3-14
Added Net: Name=NetIC3_14
Added Pin To Net: NetName=NetIC3_19 Pin=IC3-19
Added Net: Name=NetIC3_19
Added Pin To Net: NetName=NetIC3_20 Pin=IC3-20
Added Net: Name=NetIC3_20
Added Pin To Net: NetName=NetIC3_25 Pin=IC3-25
Added Net: Name=NetIC3_25
Added Pin To Net: NetName=NetIC3_26 Pin=IC3-26
Added Net: Name=NetIC3_26
Added Pin To Net: NetName=NetIC3_27 Pin=IC3-27
Added Net: Name=NetIC3_27
Added Pin To Net: NetName=NetIC3_28 Pin=IC3-28
Added Net: Name=NetIC3_28
Added Pin To Net: NetName=NetIC3_29 Pin=IC3-29
Added Net: Name=NetIC3_29
Added Pin To Net: NetName=NetIC3_33 Pin=IC3-33
Added Net: Name=NetIC3_33
Added Pin To Net: NetName=NetIC3_38 Pin=IC3-38
Added Net: Name=NetIC3_38
Added Pin To Net: NetName=NetIC3_39 Pin=IC3-39
Added Pin To Net: NetName=NetIC3_39 Pin=RES-A
Added Net: Name=NetIC3_39
Added Pin To Net: NetName=NetIC3_40 Pin=IC3-40
Added Pin To Net: NetName=NetIC3_40 Pin=RS-A
Added Net: Name=NetIC3_40
Added Pin To Net: NetName=NetIC3_41 Pin=IC3-41
Added Pin To Net: NetName=NetIC3_41 Pin=SIM-A
Added Net: Name=NetIC3_41
Added Pin To Net: NetName=NetIC3_42 Pin=IC3-42
Added Pin To Net: NetName=NetIC3_42 Pin=WIFI-A
Added Net: Name=NetIC3_42
Added Pin To Net: NetName=NetIC3_43 Pin=IC3-43
Added Net: Name=NetIC3_43
Added Pin To Net: NetName=NetIC4_2 Pin=IC4-2
Added Pin To Net: NetName=NetIC4_2 Pin=R17-2
Added Net: Name=NetIC4_2
Added Pin To Net: NetName=NetIC4_6 Pin=IC4-6
Added Pin To Net: NetName=NetIC4_6 Pin=R19-1
Added Net: Name=NetIC4_6
Added Pin To Net: NetName=NetL1_K Pin=L1-K
Added Pin To Net: NetName=NetL1_K Pin=R3-2
Added Net: Name=NetL1_K
Added Pin To Net: NetName=NetL2_K Pin=L2-K
Added Pin To Net: NetName=NetL2_K Pin=R7-2
Added Net: Name=NetL2_K
Added Pin To Net: NetName=NetM1_G Pin=M1-G
Added Pin To Net: NetName=NetM1_G Pin=R28-2
Added Pin To Net: NetName=NetM1_G Pin=R29-1
Added Net: Name=NetM1_G
Added Pin To Net: NetName=NetR11_1 Pin=R11-1
Added Pin To Net: NetName=NetR11_1 Pin=WIFI-K
Added Net: Name=NetR11_1
Added Pin To Net: NetName=NetR12_1 Pin=R12-1
Added Pin To Net: NetName=NetR12_1 Pin=SIM-K
Added Net: Name=NetR12_1
Added Pin To Net: NetName=NetR13_1 Pin=R13-1
Added Pin To Net: NetName=NetR13_1 Pin=RS-K
Added Net: Name=NetR13_1
Added Pin To Net: NetName=NetR14_1 Pin=R14-1
Added Pin To Net: NetName=NetR14_1 Pin=RES-K
Added Net: Name=NetR14_1
Added Pin To Net: NetName=PWR_1 Pin=POWER3-4
Added Net: Name=PWR_1
Added Pin To Net: NetName=RS485_1_N Pin=R22-1
Added Pin To Net: NetName=RS485_1_N Pin=R24-2
Added Pin To Net: NetName=RS485_1_N Pin=RS1-2
Added Net: Name=RS485_1_N
Added Pin To Net: NetName=RS485_1_P Pin=R24-1
Added Pin To Net: NetName=RS485_1_P Pin=R25-1
Added Pin To Net: NetName=RS485_1_P Pin=RS1-1
Added Net: Name=RS485_1_P
Added Pin To Net: NetName=RS485_3_N Pin=IC5-7
Added Pin To Net: NetName=RS485_3_N Pin=R22-2
Added Pin To Net: NetName=RS485_3_N Pin=R23-1
Added Net: Name=RS485_3_N
Added Pin To Net: NetName=RS485_3_P Pin=IC5-6
Added Pin To Net: NetName=RS485_3_P Pin=R25-2
Added Pin To Net: NetName=RS485_3_P Pin=R26-2
Added Net: Name=RS485_3_P
Added Pin To Net: NetName=RS_EN Pin=IC3-32
Added Pin To Net: NetName=RS_EN Pin=IC5-2
Added Pin To Net: NetName=RS_EN Pin=IC5-3
Added Net: Name=RS_EN
Added Pin To Net: NetName=RST_5 Pin=C10-2
Added Pin To Net: NetName=RST_5 Pin=IC2-7
Added Pin To Net: NetName=RST_5 Pin=R10-2
Added Net: Name=RST_5
Added Pin To Net: NetName=RST_6 Pin=ESP1-RST
Added Pin To Net: NetName=RST_6 Pin=R31-2
Added Net: Name=RST_6
Added Pin To Net: NetName=RX_TO_GSM_1 Pin=IC3-22
Added Pin To Net: NetName=RX_TO_GSM_1 Pin=POWER3-2
Added Net: Name=RX_TO_GSM_1
Added Pin To Net: NetName=RX Pin=IC3-31
Added Pin To Net: NetName=RX Pin=IC5-1
Added Pin To Net: NetName=RX Pin=R8-1
Added Net: Name=RX
Added Pin To Net: NetName=TX_TO_GSM_1 Pin=IC3-21
Added Pin To Net: NetName=TX_TO_GSM_1 Pin=POWER3-1
Added Net: Name=TX_TO_GSM_1
Added Pin To Net: NetName=TX Pin=IC3-30
Added Pin To Net: NetName=TX Pin=IC5-4
Added Net: Name=TX
Added Class: Name=MAIN
Added Class: Name=U_can
Added Class: Name=U_mcu
Added Class: Name=U_POWER
Added Class: Name=U_rs485
Added Class: Name=U_spi_flash
Added Class: Name=U_WIFI
