Change Component Designator: Old Designator=C7 New Designator=C?
Change Component Designator: Old Designator=C8 New Designator=C?
Change Component Designator: Old Designator=C20 New Designator=C?
Change Component Designator: Old Designator=C22 New Designator=C?
Change Component Designator: Old Designator=CAN New Designator=CAN?
Change Component Designator: Old Designator=D2 New Designator=D?
Change Component Designator: Old Designator=D3 New Designator=D?
Change Component Designator: Old Designator=L2 New Designator=L?
Change Component Designator: Old Designator=L3 New Designator=L?
Change Component Designator: Old Designator=POWER1 New Designator=POWER?
Change Component Designator: Old Designator=POWER2 New Designator=POWER?
Change Component Designator: Old Designator=POWER New Designator=POWER?
Change Component Designator: Old Designator=R6 New Designator=R?
Change Component Designator: Old Designator=R12 New Designator=R?
Change Component Designator: Old Designator=R21 New Designator=R?
Change Component Designator: Old Designator=R22 New Designator=R?
Change Component Designator: Old Designator=R26 New Designator=R?
Change Component Designator: Old Designator=R27 New Designator=R?
Change Component Designator: Old Designator=RG1 New Designator=RG?
Change Component Designator: Old Designator=RG2 New Designator=RG?
Change Component Designator: Old Designator=RS485 New Designator=RS?
